  laba8_v1.2.cpp
C:\Users\Baka\Documents\GitHub\bakakrtCHGUFiles\C++\laba8_v1.2\laba8_v1.2.cpp(157,16): warning C4477: "printf": в строке форматирования "%c" требуется аргумент типа "int", но вариативный аргумент "1" имеет тип "const _Elem *"
          with
          [
              _Elem=char
          ]
C:\Users\Baka\Documents\GitHub\bakakrtCHGUFiles\C++\laba8_v1.2\laba8_v1.2.cpp(157,16): warning C4313: printf: конфликт "%c" в строке формата с аргументом 1 типа "const _Elem *"
          with
          [
              _Elem=char
          ]
C:\Users\Baka\Documents\GitHub\bakakrtCHGUFiles\C++\laba8_v1.2\laba8_v1.2.cpp(157,16): warning C4477: "printf": в строке форматирования "%c" требуется аргумент типа "int", но вариативный аргумент "2" имеет тип "const _Elem *"
          with
          [
              _Elem=char
          ]
C:\Users\Baka\Documents\GitHub\bakakrtCHGUFiles\C++\laba8_v1.2\laba8_v1.2.cpp(157,16): warning C4313: printf: конфликт "%c" в строке формата с аргументом 2 типа "const _Elem *"
          with
          [
              _Elem=char
          ]
  laba8_v1.2.vcxproj -> C:\Users\Baka\Documents\GitHub\bakakrtCHGUFiles\C++\laba8_v1.2\x64\Debug\laba8_v1.2.exe
